# JRE version: Java(TM) SE Runtime Environment (7.0_79-b15) (build 1.7.0_79-b15)
# Java VM: Java HotSpot(TM) Server VM (24.79-b02 mixed mode linux-x86 )
Heap
 PSYoungGen      total 34304K, used 2546K [0xddfc0000, 0xe03c0000, 0xf3540000)
  eden space 31744K, 0% used [0xddfc0000,0xddfc0000,0xdfec0000)
  from space 2560K, 99% used [0xdfec0000,0xe013cbd0,0xe0140000)
  to   space 2560K, 0% used [0xe0140000,0xe0140000,0xe03c0000)
 ParOldGen       total 41728K, used 13896K [0xb3540000, 0xb5e00000, 0xddfc0000)
  object space 41728K, 33% used [0xb3540000,0xb42d2378,0xb5e00000)
 PSPermGen       total 16384K, used 3670K [0xaf540000, 0xb0540000, 0xb3540000)
  object space 16384K, 22% used [0xaf540000,0xaf8d5960,0xb0540000)
GC Heap History (9 events):
Event: 0.683 GC heap before
{Heap before GC invocations=1 (full 0):
 PSYoungGen      total 18432K, used 15872K [0xddfc0000, 0xdf440000, 0xf3540000)
  eden space 15872K, 100% used [0xddfc0000,0xdef40000,0xdef40000)
  from space 2560K, 0% used [0xdf1c0000,0xdf1c0000,0xdf440000)
  to   space 2560K, 0% used [0xdef40000,0xdef40000,0xdf1c0000)
 ParOldGen       total 41728K, used 0K [0xb3540000, 0xb5e00000, 0xddfc0000)
  object space 41728K, 0% used [0xb3540000,0xb3540000,0xb5e00000)
 PSPermGen       total 16384K, used 3508K [0xaf540000, 0xb0540000, 0xb3540000)
  object space 16384K, 21% used [0xaf540000,0xaf8ad088,0xb0540000)
Event: 0.689 GC heap after
Heap after GC invocations=1 (full 0):
 PSYoungGen      total 18432K, used 2549K [0xddfc0000, 0xdf440000, 0xf3540000)
  eden space 15872K, 0% used [0xddfc0000,0xddfc0000,0xdef40000)
  from space 2560K, 99% used [0xdef40000,0xdf1bd520,0xdf1c0000)
  to   space 2560K, 0% used [0xdf1c0000,0xdf1c0000,0xdf440000)
 ParOldGen       total 41728K, used 1274K [0xb3540000, 0xb5e00000, 0xddfc0000)
  object space 41728K, 3% used [0xb3540000,0xb367ea88,0xb5e00000)
 PSPermGen       total 16384K, used 3508K [0xaf540000, 0xb0540000, 0xb3540000)
  object space 16384K, 21% used [0xaf540000,0xaf8ad088,0xb0540000)
}
Event: 0.990 GC heap before
{Heap before GC invocations=2 (full 0):
 PSYoungGen      total 18432K, used 18421K [0xddfc0000, 0xdf440000, 0xf3540000)
  eden space 15872K, 100% used [0xddfc0000,0xdef40000,0xdef40000)
  from space 2560K, 99% used [0xdef40000,0xdf1bd520,0xdf1c0000)
  to   space 2560K, 0% used [0xdf1c0000,0xdf1c0000,0xdf440000)
 ParOldGen       total 41728K, used 1274K [0xb3540000, 0xb5e00000, 0xddfc0000)
  object space 41728K, 3% used [0xb3540000,0xb367ea88,0xb5e00000)
 PSPermGen       total 16384K, used 3610K [0xaf540000, 0xb0540000, 0xb3540000)
  object space 16384K, 22% used [0xaf540000,0xaf8c6800,0xb0540000)
Event: 1.006 GC heap after
Heap after GC invocations=2 (full 0):
 PSYoungGen      total 18432K, used 2550K [0xddfc0000, 0xe03c0000, 0xf3540000)
  eden space 15872K, 0% used [0xddfc0000,0xddfc0000,0xdef40000)
  from space 2560K, 99% used [0xdf1c0000,0xdf43dbc8,0xdf440000)
  to   space 2560K, 0% used [0xdef40000,0xdef40000,0xdf1c0000)
 ParOldGen       total 41728K, used 3438K [0xb3540000, 0xb5e00000, 0xddfc0000)
  object space 41728K, 8% used [0xb3540000,0xb389bab0,0xb5e00000)
 PSPermGen       total 16384K, used 3610K [0xaf540000, 0xb0540000, 0xb3540000)
  object space 16384K, 22% used [0xaf540000,0xaf8c6800,0xb0540000)
}
Event: 1.313 GC heap before
{Heap before GC invocations=3 (full 0):
 PSYoungGen      total 18432K, used 18422K [0xddfc0000, 0xe03c0000, 0xf3540000)
  eden space 15872K, 100% used [0xddfc0000,0xdef40000,0xdef40000)
  from space 2560K, 99% used [0xdf1c0000,0xdf43dbc8,0xdf440000)
  to   space 2560K, 0% used [0xdef40000,0xdef40000,0xdf1c0000)
 ParOldGen       total 41728K, used 3438K [0xb3540000, 0xb5e00000, 0xddfc0000)
  object space 41728K, 8% used [0xb3540000,0xb389bab0,0xb5e00000)
 PSPermGen       total 16384K, used 3639K [0xaf540000, 0xb0540000, 0xb3540000)
  object space 16384K, 22% used [0xaf540000,0xaf8cddd8,0xb0540000)
Event: 1.389 GC heap after
Heap after GC invocations=3 (full 0):
 PSYoungGen      total 18432K, used 2555K [0xddfc0000, 0xe03c0000, 0xf3540000)
  eden space 15872K, 0% used [0xddfc0000,0xddfc0000,0xdef40000)
  from space 2560K, 99% used [0xdef40000,0xdf1beed0,0xdf1c0000)
  to   space 2560K, 0% used [0xe0140000,0xe0140000,0xe03c0000)
 ParOldGen       total 41728K, used 6472K [0xb3540000, 0xb5e00000, 0xddfc0000)
  object space 41728K, 15% used [0xb3540000,0xb3b922f0,0xb5e00000)
 PSPermGen       total 16384K, used 3639K [0xaf540000, 0xb0540000, 0xb3540000)
  object space 16384K, 22% used [0xaf540000,0xaf8cddd8,0xb0540000)
}
Event: 1.641 GC heap before
{Heap before GC invocations=4 (full 0):
 PSYoungGen      total 18432K, used 18427K [0xddfc0000, 0xe03c0000, 0xf3540000)
  eden space 15872K, 100% used [0xddfc0000,0xdef40000,0xdef40000)
  from space 2560K, 99% used [0xdef40000,0xdf1beed0,0xdf1c0000)
  to   space 2560K, 0% used [0xe0140000,0xe0140000,0xe03c0000)
 ParOldGen       total 41728K, used 6472K [0xb3540000, 0xb5e00000, 0xddfc0000)
  object space 41728K, 15% used [0xb3540000,0xb3b922f0,0xb5e00000)
 PSPermGen       total 16384K, used 3650K [0xaf540000, 0xb0540000, 0xb3540000)
  object space 16384K, 22% used [0xaf540000,0xaf8d08f8,0xb0540000)
Event: 1.730 GC heap after
Heap after GC invocations=4 (full 0):
 PSYoungGen      total 34304K, used 2558K [0xddfc0000, 0xe03c0000, 0xf3540000)
  eden space 31744K, 0% used [0xddfc0000,0xddfc0000,0xdfec0000)
  from space 2560K, 99% used [0xe0140000,0xe03bf948,0xe03c0000)
  to   space 2560K, 0% used [0xdfec0000,0xdfec0000,0xe0140000)
 ParOldGen       total 41728K, used 9556K [0xb3540000, 0xb5e00000, 0xddfc0000)
  object space 41728K, 22% used [0xb3540000,0xb3e95020,0xb5e00000)
 PSPermGen       total 16384K, used 3650K [0xaf540000, 0xb0540000, 0xb3540000)
  object space 16384K, 22% used [0xaf540000,0xaf8d08f8,0xb0540000)
}
Event: 4.635 GC heap before
{Heap before GC invocations=5 (full 0):
 PSYoungGen      total 34304K, used 34302K [0xddfc0000, 0xe03c0000, 0xf3540000)
  eden space 31744K, 100% used [0xddfc0000,0xdfec0000,0xdfec0000)
  from space 2560K, 99% used [0xe0140000,0xe03bf948,0xe03c0000)
  to   space 2560K, 0% used [0xdfec0000,0xdfec0000,0xe0140000)
 ParOldGen       total 41728K, used 9556K [0xb3540000, 0xb5e00000, 0xddfc0000)
  object space 41728K, 22% used [0xb3540000,0xb3e95020,0xb5e00000)
 PSPermGen       total 16384K, used 3670K [0xaf540000, 0xb0540000, 0xb3540000)
  object space 16384K, 22% used [0xaf540000,0xaf8d5960,0xb0540000)

