# JRE version: Java(TM) SE Runtime Environment (7.0_79-b15) (build 1.7.0_79-b15)
# Java VM: Java HotSpot(TM) Server VM (24.79-b02 mixed mode linux-x86 )
Heap
 PSYoungGen      total 34304K, used 2552K [0xddf40000, 0xe0340000, 0xf34c0000)
  eden space 31744K, 0% used [0xddf40000,0xddf40000,0xdfe40000)
  from space 2560K, 99% used [0xdfe40000,0xe00be018,0xe00c0000)
  to   space 2560K, 0% used [0xe00c0000,0xe00c0000,0xe0340000)
 ParOldGen       total 41728K, used 8668K [0xb34c0000, 0xb5d80000, 0xddf40000)
  object space 41728K, 20% used [0xb34c0000,0xb3d37100,0xb5d80000)
 PSPermGen       total 16384K, used 3649K [0xaf4c0000, 0xb04c0000, 0xb34c0000)
  object space 16384K, 22% used [0xaf4c0000,0xaf850720,0xb04c0000)
GC Heap History (5 events):
Event: 0.685 GC heap before
{Heap before GC invocations=1 (full 0):
 PSYoungGen      total 18432K, used 15872K [0xddf40000, 0xdf3c0000, 0xf34c0000)
  eden space 15872K, 100% used [0xddf40000,0xdeec0000,0xdeec0000)
  from space 2560K, 0% used [0xdf140000,0xdf140000,0xdf3c0000)
  to   space 2560K, 0% used [0xdeec0000,0xdeec0000,0xdf140000)
 ParOldGen       total 41728K, used 0K [0xb34c0000, 0xb5d80000, 0xddf40000)
  object space 41728K, 0% used [0xb34c0000,0xb34c0000,0xb5d80000)
 PSPermGen       total 16384K, used 3529K [0xaf4c0000, 0xb04c0000, 0xb34c0000)
  object space 16384K, 21% used [0xaf4c0000,0xaf832750,0xb04c0000)
Event: 0.692 GC heap after
Heap after GC invocations=1 (full 0):
 PSYoungGen      total 18432K, used 2558K [0xddf40000, 0xe0340000, 0xf34c0000)
  eden space 15872K, 0% used [0xddf40000,0xddf40000,0xdeec0000)
  from space 2560K, 99% used [0xdeec0000,0xdf13fa30,0xdf140000)
  to   space 2560K, 0% used [0xe00c0000,0xe00c0000,0xe0340000)
 ParOldGen       total 41728K, used 1254K [0xb34c0000, 0xb5d80000, 0xddf40000)
  object space 41728K, 3% used [0xb34c0000,0xb35f98e8,0xb5d80000)
 PSPermGen       total 16384K, used 3529K [0xaf4c0000, 0xb04c0000, 0xb34c0000)
  object space 16384K, 21% used [0xaf4c0000,0xaf832750,0xb04c0000)
}
Event: 0.945 GC heap before
{Heap before GC invocations=2 (full 0):
 PSYoungGen      total 18432K, used 18430K [0xddf40000, 0xe0340000, 0xf34c0000)
  eden space 15872K, 100% used [0xddf40000,0xdeec0000,0xdeec0000)
  from space 2560K, 99% used [0xdeec0000,0xdf13fa30,0xdf140000)
  to   space 2560K, 0% used [0xe00c0000,0xe00c0000,0xe0340000)
 ParOldGen       total 41728K, used 1254K [0xb34c0000, 0xb5d80000, 0xddf40000)
  object space 41728K, 3% used [0xb34c0000,0xb35f98e8,0xb5d80000)
 PSPermGen       total 16384K, used 3611K [0xaf4c0000, 0xb04c0000, 0xb34c0000)
  object space 16384K, 22% used [0xaf4c0000,0xaf846dc8,0xb04c0000)
Event: 0.965 GC heap after
Heap after GC invocations=2 (full 0):
 PSYoungGen      total 34304K, used 2553K [0xddf40000, 0xe0340000, 0xf34c0000)
  eden space 31744K, 0% used [0xddf40000,0xddf40000,0xdfe40000)
  from space 2560K, 99% used [0xe00c0000,0xe033e530,0xe0340000)
  to   space 2560K, 0% used [0xdfe40000,0xdfe40000,0xe00c0000)
 ParOldGen       total 41728K, used 3571K [0xb34c0000, 0xb5d80000, 0xddf40000)
  object space 41728K, 8% used [0xb34c0000,0xb383cdf0,0xb5d80000)
 PSPermGen       total 16384K, used 3611K [0xaf4c0000, 0xb04c0000, 0xb34c0000)
  object space 16384K, 22% used [0xaf4c0000,0xaf846dc8,0xb04c0000)
}
Event: 1.614 GC heap before
{Heap before GC invocations=3 (full 0):
 PSYoungGen      total 34304K, used 34297K [0xddf40000, 0xe0340000, 0xf34c0000)
  eden space 31744K, 100% used [0xddf40000,0xdfe40000,0xdfe40000)
  from space 2560K, 99% used [0xe00c0000,0xe033e530,0xe0340000)
  to   space 2560K, 0% used [0xdfe40000,0xdfe40000,0xe00c0000)
 ParOldGen       total 41728K, used 3571K [0xb34c0000, 0xb5d80000, 0xddf40000)
  object space 41728K, 8% used [0xb34c0000,0xb383cdf0,0xb5d80000)
 PSPermGen       total 16384K, used 3649K [0xaf4c0000, 0xb04c0000, 0xb34c0000)
  object space 16384K, 22% used [0xaf4c0000,0xaf850720,0xb04c0000)

