# JRE version: Java(TM) SE Runtime Environment (7.0_79-b15) (build 1.7.0_79-b15)
# Java VM: Java HotSpot(TM) Server VM (24.79-b02 mixed mode linux-x86 )
Heap
 PSYoungGen      total 66048K, used 2550K [0xddfc0000, 0xe22c0000, 0xf3540000)
  eden space 63488K, 0% used [0xddfc0000,0xddfc0000,0xe1dc0000)
  from space 2560K, 99% used [0xe1dc0000,0xe203da00,0xe2040000)
  to   space 2560K, 0% used [0xe2040000,0xe2040000,0xe22c0000)
 ParOldGen       total 41728K, used 22158K [0xb3540000, 0xb5e00000, 0xddfc0000)
  object space 41728K, 53% used [0xb3540000,0xb4ae3b80,0xb5e00000)
 PSPermGen       total 16384K, used 3957K [0xaf540000, 0xb0540000, 0xb3540000)
  object space 16384K, 24% used [0xaf540000,0xaf91d7c0,0xb0540000)
GC Heap History (9 events):
Event: 1.960 GC heap before
{Heap before GC invocations=1 (full 0):
 PSYoungGen      total 18432K, used 15872K [0xddfc0000, 0xdf440000, 0xf3540000)
  eden space 15872K, 100% used [0xddfc0000,0xdef40000,0xdef40000)
  from space 2560K, 0% used [0xdf1c0000,0xdf1c0000,0xdf440000)
  to   space 2560K, 0% used [0xdef40000,0xdef40000,0xdf1c0000)
 ParOldGen       total 41728K, used 0K [0xb3540000, 0xb5e00000, 0xddfc0000)
  object space 41728K, 0% used [0xb3540000,0xb3540000,0xb5e00000)
 PSPermGen       total 16384K, used 3702K [0xaf540000, 0xb0540000, 0xb3540000)
  object space 16384K, 22% used [0xaf540000,0xaf8dda38,0xb0540000)
Event: 2.062 GC heap after
Heap after GC invocations=1 (full 0):
 PSYoungGen      total 18432K, used 2552K [0xddfc0000, 0xe03c0000, 0xf3540000)
  eden space 15872K, 0% used [0xddfc0000,0xddfc0000,0xdef40000)
  from space 2560K, 99% used [0xdef40000,0xdf1be1d0,0xdf1c0000)
  to   space 2560K, 0% used [0xe0140000,0xe0140000,0xe03c0000)
 ParOldGen       total 41728K, used 576K [0xb3540000, 0xb5e00000, 0xddfc0000)
  object space 41728K, 1% used [0xb3540000,0xb35d00b8,0xb5e00000)
 PSPermGen       total 16384K, used 3702K [0xaf540000, 0xb0540000, 0xb3540000)
  object space 16384K, 22% used [0xaf540000,0xaf8dda38,0xb0540000)
}
Event: 2.687 GC heap before
{Heap before GC invocations=2 (full 0):
 PSYoungGen      total 18432K, used 18424K [0xddfc0000, 0xe03c0000, 0xf3540000)
  eden space 15872K, 100% used [0xddfc0000,0xdef40000,0xdef40000)
  from space 2560K, 99% used [0xdef40000,0xdf1be1d0,0xdf1c0000)
  to   space 2560K, 0% used [0xe0140000,0xe0140000,0xe03c0000)
 ParOldGen       total 41728K, used 576K [0xb3540000, 0xb5e00000, 0xddfc0000)
  object space 41728K, 1% used [0xb3540000,0xb35d00b8,0xb5e00000)
 PSPermGen       total 16384K, used 3858K [0xaf540000, 0xb0540000, 0xb3540000)
  object space 16384K, 23% used [0xaf540000,0xaf9048d0,0xb0540000)
Event: 2.712 GC heap after
Heap after GC invocations=2 (full 0):
 PSYoungGen      total 34304K, used 2549K [0xddfc0000, 0xe03c0000, 0xf3540000)
  eden space 31744K, 0% used [0xddfc0000,0xddfc0000,0xdfec0000)
  from space 2560K, 99% used [0xe0140000,0xe03bd7e8,0xe03c0000)
  to   space 2560K, 0% used [0xdfec0000,0xdfec0000,0xe0140000)
 ParOldGen       total 41728K, used 2264K [0xb3540000, 0xb5e00000, 0xddfc0000)
  object space 41728K, 5% used [0xb3540000,0xb3776060,0xb5e00000)
 PSPermGen       total 16384K, used 3858K [0xaf540000, 0xb0540000, 0xb3540000)
  object space 16384K, 23% used [0xaf540000,0xaf9048d0,0xb0540000)
}
Event: 5.690 GC heap before
{Heap before GC invocations=3 (full 0):
 PSYoungGen      total 34304K, used 34293K [0xddfc0000, 0xe03c0000, 0xf3540000)
  eden space 31744K, 100% used [0xddfc0000,0xdfec0000,0xdfec0000)
  from space 2560K, 99% used [0xe0140000,0xe03bd7e8,0xe03c0000)
  to   space 2560K, 0% used [0xdfec0000,0xdfec0000,0xe0140000)
 ParOldGen       total 41728K, used 2264K [0xb3540000, 0xb5e00000, 0xddfc0000)
  object space 41728K, 5% used [0xb3540000,0xb3776060,0xb5e00000)
 PSPermGen       total 16384K, used 3908K [0xaf540000, 0xb0540000, 0xb3540000)
  object space 16384K, 23% used [0xaf540000,0xaf9113c8,0xb0540000)
Event: 5.708 GC heap after
Heap after GC invocations=3 (full 0):
 PSYoungGen      total 34304K, used 2555K [0xddfc0000, 0xe22c0000, 0xf3540000)
  eden space 31744K, 0% used [0xddfc0000,0xddfc0000,0xdfec0000)
  from space 2560K, 99% used [0xdfec0000,0xe013ec70,0xe0140000)
  to   space 2560K, 0% used [0xe2040000,0xe2040000,0xe22c0000)
 ParOldGen       total 41728K, used 7103K [0xb3540000, 0xb5e00000, 0xddfc0000)
  object space 41728K, 17% used [0xb3540000,0xb3c2fde8,0xb5e00000)
 PSPermGen       total 16384K, used 3908K [0xaf540000, 0xb0540000, 0xb3540000)
  object space 16384K, 23% used [0xaf540000,0xaf9113c8,0xb0540000)
}
Event: 6.328 GC heap before
{Heap before GC invocations=4 (full 0):
 PSYoungGen      total 34304K, used 34299K [0xddfc0000, 0xe22c0000, 0xf3540000)
  eden space 31744K, 100% used [0xddfc0000,0xdfec0000,0xdfec0000)
  from space 2560K, 99% used [0xdfec0000,0xe013ec70,0xe0140000)
  to   space 2560K, 0% used [0xe2040000,0xe2040000,0xe22c0000)
 ParOldGen       total 41728K, used 7103K [0xb3540000, 0xb5e00000, 0xddfc0000)
  object space 41728K, 17% used [0xb3540000,0xb3c2fde8,0xb5e00000)
 PSPermGen       total 16384K, used 3930K [0xaf540000, 0xb0540000, 0xb3540000)
  object space 16384K, 23% used [0xaf540000,0xaf916ac8,0xb0540000)
Event: 6.612 GC heap after
Heap after GC invocations=4 (full 0):
 PSYoungGen      total 66048K, used 2550K [0xddfc0000, 0xe22c0000, 0xf3540000)
  eden space 63488K, 0% used [0xddfc0000,0xddfc0000,0xe1dc0000)
  from space 2560K, 99% used [0xe2040000,0xe22bd928,0xe22c0000)
  to   space 2560K, 0% used [0xe1dc0000,0xe1dc0000,0xe2040000)
 ParOldGen       total 41728K, used 12534K [0xb3540000, 0xb5e00000, 0xddfc0000)
  object space 41728K, 30% used [0xb3540000,0xb417db30,0xb5e00000)
 PSPermGen       total 16384K, used 3930K [0xaf540000, 0xb0540000, 0xb3540000)
  object space 16384K, 23% used [0xaf540000,0xaf916ac8,0xb0540000)
}
Event: 9.848 GC heap before
{Heap before GC invocations=5 (full 0):
 PSYoungGen      total 66048K, used 66038K [0xddfc0000, 0xe22c0000, 0xf3540000)
  eden space 63488K, 100% used [0xddfc0000,0xe1dc0000,0xe1dc0000)
  from space 2560K, 99% used [0xe2040000,0xe22bd928,0xe22c0000)
  to   space 2560K, 0% used [0xe1dc0000,0xe1dc0000,0xe2040000)
 ParOldGen       total 41728K, used 12534K [0xb3540000, 0xb5e00000, 0xddfc0000)
  object space 41728K, 30% used [0xb3540000,0xb417db30,0xb5e00000)
 PSPermGen       total 16384K, used 3957K [0xaf540000, 0xb0540000, 0xb3540000)
  object space 16384K, 24% used [0xaf540000,0xaf91d7c0,0xb0540000)

